Unity Editor version:    6000.5.0f1 (88b47c5e7076)
Branch:                  6000.5/staging
Build type:              Release
Batch mode:              NO
macOS version:           Version 26.0.1 (Build 25A362)
Darwin version:          25.0.0
Architecture:            arm64
Running under Rosetta:   NO
Available memory:        8192 MB
Date:                    2026-06-21T10:54:19Z
[Licensing::Module] Trying to connect to existing licensing client channel...
[Licensing::IpcConnector] Successfully connected to: "LicenseClient-adnan" at "2026-06-21T10:54:19.033717Z"
[Licensing::Client] Error: HandshakeResponse reported an error:
	ResponseCode: 505
	ResponseStatus: Unsupported protocol version '1.18.1'.
[Licensing::Module] Error: Failed to handshake to channel: "LicenseClient-adnan"
[Licensing::IpcConnector] LicenseClient-adnan channel disconnected successfully.
[Licensing::IpcConnector] Channel LicenseClient-adnan-6000.5.0 doesn't exist
[Licensing::Module] Successfully launched the LicensingClient (PId: 68889)

COMMAND LINE ARGUMENTS:
/Applications/Unity/Hub/Editor/6000.5.0f1/Unity.app/Contents/MacOS/Unity
-projectpath
/Volumes/AdnanFiles/Coding_Work/Unity/Projects/Aliens
-acceptSoftwareTermsForThisRunOnly
-useHub
-hubIPC
-cloudEnvironment
production
-licensingIpc
LicenseClient-adnan
-hubSessionId
29b6b0e3-635f-4e37-9dc3-0dec9a792e76
-accessToken
UVjytTdzW95sx-fgI_RZGq_KDRCBE7YrYB8NX1jODts00af
Successfully changed project path to: /Volumes/AdnanFiles/Coding_Work/Unity/Projects/Aliens
/Volumes/AdnanFiles/Coding_Work/Unity/Projects/Aliens
[UnityMemory] Configuration Parameters - Can be set up in boot.config
    "memorysetup-temp-allocator-size-gi-baking-worker=262144"
    "memorysetup-temp-allocator-size-gi-baking-worker=262144"
    "memorysetup-temp-allocator-size-gi-baking-worker=262144"
    "memorysetup-temp-allocator-size-gi-baking-worker=262144"
    "memorysetup-temp-allocator-size-gi-baking-worker=262144"
    "memorysetup-temp-allocator-size-nav-mesh-worker=65536"
    "memorysetup-temp-allocator-size-audio-worker=65536"
    "memorysetup-temp-allocator-size-cloud-worker=32768"
    "memorysetup-allocator-temp-initial-block-size-main=262144"
    "memorysetup-allocator-temp-initial-block-size-worker=262144"
    "memorysetup-temp-allocator-size-preload-manager=33554432"
    "memorysetup-temp-allocator-size-gfx=262144"
    "memorysetup-temp-allocator-size-background-worker=32768"
    "memorysetup-temp-allocator-size-job-worker=262144"
    "memorysetup-bucket-allocator-granularity=16"
    "memorysetup-bucket-allocator-bucket-count=8"
    "memorysetup-bucket-allocator-block-size=33554432"
    "memorysetup-bucket-allocator-block-count=8"
    "memorysetup-main-allocator-block-size=16777216"
    "memorysetup-thread-allocator-block-size=16777216"
    "memorysetup-main-allocator-mimalloc-enabled=0"
    "memorysetup-gfx-main-allocator-block-size=16777216"
    "memorysetup-gfx-thread-allocator-block-size=16777216"
    "memorysetup-cache-allocator-block-size=4194304"
    "memorysetup-typetree-allocator-block-size=2097152"
    "memorysetup-profiler-bucket-allocator-granularity=16"
    "memorysetup-profiler-bucket-allocator-bucket-count=8"
    "memorysetup-profiler-bucket-allocator-block-size=33554432"
    "memorysetup-profiler-bucket-allocator-block-count=8"
    "memorysetup-profiler-allocator-block-size=16777216"
    "memorysetup-profiler-editor-allocator-block-size=1048576"
    "memorysetup-temp-allocator-size-main=16777216"
    "memorysetup-job-temp-allocator-block-size=2097152"
    "memorysetup-job-temp-allocator-block-size-background=1048576"
    "memorysetup-job-temp-allocator-reduction-small-platforms=262144"
Player connection [8735557632]  Target information:

Player connection [8735557632]  * "[IP] 192.168.100.103 [Port] 55504 [Flags] 2 [Guid] 3538884874 [EditorId] 3538884874 [Version] 1048832 [Id] OSXEditor(0,Ahmeds-MacBook-20.local) [Debug] 1 [PackageName] OSXEditor [ProjectName] Editor" 

Player connection [8735557632] Host joined multi-casting on [225.0.0.222:54997]...
Player connection [8735557632] Host joined alternative multi-casting on [225.0.0.222:34997]...
Input System module state changed to: Initialized.
[Physics::Module] Initialized fallback backend.
[Physics::Module] Id: 0xdecafbad
[Package Manager] Connected to IPC stream "Upm-68888" after 0.1 seconds.
[Licensing::Module] Licensing is not yet initialized.
[Licensing::IpcConnector] Successfully connected to: "LicenseClient-adnan-6000.5.0" at "2026-06-21T10:54:19.955528Z"
[Licensing::Client] Handshaking with LicensingClient:
  Version:                 1.18.1+9fbee8e
  Session Id:              9ace290583194b2aba69f5641840a327
  Correlation Id:          9727eb541f998e976205db60cd80a912
  External correlation Id: 3313398210207770061
  Machine Id:              pLtGLG7LH7ej6lCl60Js1VJHf5o=
[Licensing::Module] Successfully connected to LicensingClient on channel: "LicenseClient-adnan-6000.5.0" (connect: 0.57s, validation: 0.04s, handshake: 0.25s)
[Licensing::IpcConnector] Successfully connected to: "LicenseClient-adnan-6000.5.0-notifications" at "2026-06-21T10:54:20.250287Z"
[Licensing::Module] Connected to LicensingClient (PId: 68889, launch time: 0.00, total connection time: 0.87s)
[Licensing::Client] Successfully updated the access token
[Licensing::Module] Successfully updated the access token UVjytTdzW9...
[Licensing::Client] Successfully resolved entitlement details
[Licensing::Module] License group:
  Id: 11270683482361-UnityPersXXXX
  Product: Unity Personal
  Type: Assigned
  Expiration: Unlimited
[Licensing::Client] Successfully updated license, isAsync: True, time: 0.00
[Licensing::Client] Successfully resolved entitlement details
[Licensing::Module] Licensing Background thread has ended after 1.23s
[Licensing::Module] Licensing is initialized (took 0.36s).
[Licensing::Client] Successfully resolved entitlement details
Library Redirect Path: Library/
[Physics::Module] Selected backend.
[Physics::Module] Name: PhysX
[Physics::Module] Id: 0xf2b8ea05
[Physics::Module] SDK Version: 4.1.2
[Physics::Module] Integration Version: 1.0.0
[Physics::Module] Threading Mode: Multi-Threaded
Artifact Garbage Collection - Removed 929 unused hashed content files
Initialize engine version: 6000.5.0f1 (88b47c5e7076)
[Subsystems] Discovering subsystems at path /Applications/Unity/Hub/Editor/6000.5.0f1/Unity.app/Contents/Resources/UnitySubsystems
[Subsystems] Discovering subsystems at path /Volumes/AdnanFiles/Coding_Work/Unity/Projects/Aliens/Assets
GfxDevice: creating device client; kGfxThreadingModeThreaded
 preferred device: Apple M1 (high power)
Metal devices available: 1
0: Apple M1 (high power)
Using device Apple M1 (high power)
Initializing Metal device caps: Apple M1
Mac GPU Family: 2
Apple GPU Family: 7
MSL Version: 3.0
Has Float MSAA: 1
Has Float Filtering: 1
ReadWrite Texture Tier: 2
Initialize mono
Mono path[0] = '/Applications/Unity/Hub/Editor/6000.5.0f1/Unity.app/Contents/Resources/Scripting/Managed'
Mono path[1] = '/Applications/Unity/Hub/Editor/6000.5.0f1/Unity.app/Contents/Resources/Scripting/BCLExtensions/runtime/netstandard2.1'
Mono path[2] = '/Applications/Unity/Hub/Editor/6000.5.0f1/Unity.app/Contents/Resources/Scripting/MonoBleedingEdge/lib/mono/unityjit-macos'
Mono config path = '/Applications/Unity/Hub/Editor/6000.5.0f1/Unity.app/Contents/Resources/Scripting/MonoBleedingEdge/etc'
Using monoOptions --debugger-agent=transport=dt_socket,embedding=1,server=y,suspend=n,address=127.0.0.1:56888
CodeReloadManager initialized
ImportWorker Server TCP listen port: 0
AcceleratorClientConnectionCallback - disconnected - :0
Begin MonoManager ReloadAssembly
Registering precompiled unity dll's ...
Register platform support module: /Applications/Unity/Hub/Editor/6000.5.0f1/PlaybackEngines/MacStandaloneSupport/UnityEditor.OSXStandalone.Extensions.dll
Registered in 0.001005 seconds.
Native extension for OSXStandalone target not found
Package Manager log level set to [2]
ScheduleIndexationOnStartup MainProcess:False IndexOnStartup:True
Mono: successfully reloaded assembly
- Finished resetting the current domain, in  0.321 seconds
Domain Reload Profiling: 764ms
	BeginReloadAssembly (164ms)
		CreateAndSetChildDomain (14ms)
	RebuildCommonClasses (4ms)
	RebuildNativeTypeToScriptingClass (18ms)
	initialDomainReloadingComplete (47ms)
	LoadAllAssembliesAndSetupDomain (210ms)
		LoadAssemblies (147ms)
		AnalyzeDomain (158ms)
			TypeCache.Refresh (157ms)
				TypeCache.ScanAssembly (141ms)
	FinalizeReload (322ms)
		SetupLoadedEditorAssemblies (0ms)
			BeforeProcessingInitializeOnLoad (56ms)
			ProcessInitializeOnLoadAttributes (97ms)
			ProcessInitializeOnLoadMethodAttributes (113ms)
[Licensing::Client] Successfully resolved entitlement details
Application.AssetDatabase Initial Refresh Start
[Package Manager] Restoring resolved packages state from cache
[Licensing::Client] Successfully resolved entitlement details
[Package Manager] Registered 65 packages:
  Packages from [https://packages.unity.com]:
    com.unity.2d.animation@15.1.0 (location: /Volumes/AdnanFiles/Coding_Work/Unity/Projects/Aliens/Library/PackageCache/com.unity.2d.animation@6d5a363ae647)
    com.unity.2d.aseprite@5.0.3 (location: /Volumes/AdnanFiles/Coding_Work/Unity/Projects/Aliens/Library/PackageCache/com.unity.2d.aseprite@d13865913efa)
    com.unity.2d.psdimporter@14.0.3 (location: /Volumes/AdnanFiles/Coding_Work/Unity/Projects/Aliens/Library/PackageCache/com.unity.2d.psdimporter@5d82044f9e43)
    com.unity.2d.spriteshape@15.0.3 (location: /Volumes/AdnanFiles/Coding_Work/Unity/Projects/Aliens/Library/PackageCache/com.unity.2d.spriteshape@fcb7ec61a58b)
    com.unity.2d.tilemap.extras@8.0.3 (location: /Volumes/AdnanFiles/Coding_Work/Unity/Projects/Aliens/Library/PackageCache/com.unity.2d.tilemap.extras@a80140457adc)
    com.unity.2d.tooling@3.0.1 (location: /Volumes/AdnanFiles/Coding_Work/Unity/Projects/Aliens/Library/PackageCache/com.unity.2d.tooling@6f06ffb033c0)
    com.unity.collab-proxy@2.12.4 (location: /Volumes/AdnanFiles/Coding_Work/Unity/Projects/Aliens/Library/PackageCache/com.unity.collab-proxy@0b1559bcd34e)
    com.unity.ide.rider@3.0.38 (location: /Volumes/AdnanFiles/Coding_Work/Unity/Projects/Aliens/Library/PackageCache/com.unity.ide.rider@1f60b3138684)
    com.unity.ide.visualstudio@2.0.26 (location: /Volumes/AdnanFiles/Coding_Work/Unity/Projects/Aliens/Library/PackageCache/com.unity.ide.visualstudio@a99d56dec63f)
    com.unity.inputsystem@1.19.0 (location: /Volumes/AdnanFiles/Coding_Work/Unity/Projects/Aliens/Library/PackageCache/com.unity.inputsystem@21a28c3a6c83)
    com.unity.timeline@1.8.12 (location: /Volumes/AdnanFiles/Coding_Work/Unity/Projects/Aliens/Library/PackageCache/com.unity.timeline@8cd8509afae5)
    com.unity.visualscripting@1.9.11 (location: /Volumes/AdnanFiles/Coding_Work/Unity/Projects/Aliens/Library/PackageCache/com.unity.visualscripting@8bed5ad90189)
    com.unity.2d.common@14.0.1 (location: /Volumes/AdnanFiles/Coding_Work/Unity/Projects/Aliens/Library/PackageCache/com.unity.2d.common@73badf92ba8b)
    com.unity.searcher@4.9.4 (location: /Volumes/AdnanFiles/Coding_Work/Unity/Projects/Aliens/Library/PackageCache/com.unity.searcher@d45a78918735)
    com.unity.burst@1.8.29 (location: /Volumes/AdnanFiles/Coding_Work/Unity/Projects/Aliens/Library/PackageCache/com.unity.burst@6bb9aca3ef38)
    com.unity.nuget.mono-cecil@1.11.6 (location: /Volumes/AdnanFiles/Coding_Work/Unity/Projects/Aliens/Library/PackageCache/com.unity.nuget.mono-cecil@ecb9724e46ff)
    com.unity.test-framework.performance@3.5.0 (location: /Volumes/AdnanFiles/Coding_Work/Unity/Projects/Aliens/Library/PackageCache/com.unity.test-framework.performance@8b56083ec0f0)
  Built-in packages:
    com.unity.2d.sprite@1.0.0 (location: /Volumes/AdnanFiles/Coding_Work/Unity/Projects/Aliens/Library/PackageCache/com.unity.2d.sprite@053a968eab56)
    com.unity.2d.tilemap@1.0.0 (location: /Volumes/AdnanFiles/Coding_Work/Unity/Projects/Aliens/Library/PackageCache/com.unity.2d.tilemap@be0bacb99591)
    com.unity.multiplayer.center@1.0.1 (location: /Volumes/AdnanFiles/Coding_Work/Unity/Projects/Aliens/Library/PackageCache/com.unity.multiplayer.center@b860850997d0)
    com.unity.render-pipelines.universal@17.5.0 (location: /Volumes/AdnanFiles/Coding_Work/Unity/Projects/Aliens/Library/PackageCache/com.unity.render-pipelines.universal@0c18adc4ff89)
    com.unity.test-framework@1.7.0 (location: /Volumes/AdnanFiles/Coding_Work/Unity/Projects/Aliens/Library/PackageCache/com.unity.test-framework@f3e6c9a02477)
    com.unity.ugui@2.5.0 (location: /Volumes/AdnanFiles/Coding_Work/Unity/Projects/Aliens/Library/PackageCache/com.unity.ugui@4f9b15fd1386)
    com.unity.modules.accessibility@1.0.0 (location: /Volumes/AdnanFiles/Coding_Work/Unity/Projects/Aliens/Library/PackageCache/com.unity.modules.accessibility)
    com.unity.modules.adaptiveperformance@1.0.0 (location: /Volumes/AdnanFiles/Coding_Work/Unity/Projects/Aliens/Library/PackageCache/com.unity.modules.adaptiveperformance)
    com.unity.modules.ai@1.0.0 (location: /Volumes/AdnanFiles/Coding_Work/Unity/Projects/Aliens/Library/PackageCache/com.unity.modules.ai)
    com.unity.modules.androidjni@1.0.0 (location: /Volumes/AdnanFiles/Coding_Work/Unity/Projects/Aliens/Library/PackageCache/com.unity.modules.androidjni)
    com.unity.modules.animation@1.0.0 (location: /Volumes/AdnanFiles/Coding_Work/Unity/Projects/Aliens/Library/PackageCache/com.unity.modules.animation)
    com.unity.modules.assetbundle@1.0.0 (location: /Volumes/AdnanFiles/Coding_Work/Unity/Projects/Aliens/Library/PackageCache/com.unity.modules.assetbundle)
    com.unity.modules.audio@1.0.0 (location: /Volumes/AdnanFiles/Coding_Work/Unity/Projects/Aliens/Library/PackageCache/com.unity.modules.audio)
    com.unity.modules.cloth@1.0.0 (location: /Volumes/AdnanFiles/Coding_Work/Unity/Projects/Aliens/Library/PackageCache/com.unity.modules.cloth)
    com.unity.modules.director@1.0.0 (location: /Volumes/AdnanFiles/Coding_Work/Unity/Projects/Aliens/Library/PackageCache/com.unity.modules.director)
    com.unity.modules.imageconversion@1.0.0 (location: /Volumes/AdnanFiles/Coding_Work/Unity/Projects/Aliens/Library/PackageCache/com.unity.modules.imageconversion)
    com.unity.modules.imgui@1.0.0 (location: /Volumes/AdnanFiles/Coding_Work/Unity/Projects/Aliens/Library/PackageCache/com.unity.modules.imgui)
    com.unity.modules.jsonserialize@1.0.0 (location: /Volumes/AdnanFiles/Coding_Work/Unity/Projects/Aliens/Library/PackageCache/com.unity.modules.jsonserialize)
    com.unity.modules.particlesystem@1.0.0 (location: /Volumes/AdnanFiles/Coding_Work/Unity/Projects/Aliens/Library/PackageCache/com.unity.modules.particlesystem)
    com.unity.modules.physics@1.0.0 (location: /Volumes/AdnanFiles/Coding_Work/Unity/Projects/Aliens/Library/PackageCache/com.unity.modules.physics)
    com.unity.modules.physics2d@1.0.0 (location: /Volumes/AdnanFiles/Coding_Work/Unity/Projects/Aliens/Library/PackageCache/com.unity.modules.physics2d)
    com.unity.modules.physicscore2d@1.0.0 (location: /Volumes/AdnanFiles/Coding_Work/Unity/Projects/Aliens/Library/PackageCache/com.unity.modules.physicscore2d)
    com.unity.modules.screencapture@1.0.0 (location: /Volumes/AdnanFiles/Coding_Work/Unity/Projects/Aliens/Library/PackageCache/com.unity.modules.screencapture)
    com.unity.modules.terrain@1.0.0 (location: /Volumes/AdnanFiles/Coding_Work/Unity/Projects/Aliens/Library/PackageCache/com.unity.modules.terrain)
    com.unity.modules.terrainphysics@1.0.0 (location: /Volumes/AdnanFiles/Coding_Work/Unity/Projects/Aliens/Library/PackageCache/com.unity.modules.terrainphysics)
    com.unity.modules.tilemap@1.0.0 (location: /Volumes/AdnanFiles/Coding_Work/Unity/Projects/Aliens/Library/PackageCache/com.unity.modules.tilemap)
    com.unity.modules.ui@1.0.0 (location: /Volumes/AdnanFiles/Coding_Work/Unity/Projects/Aliens/Library/PackageCache/com.unity.modules.ui)
    com.unity.modules.uielements@1.0.0 (location: /Volumes/AdnanFiles/Coding_Work/Unity/Projects/Aliens/Library/PackageCache/com.unity.modules.uielements)
    com.unity.modules.umbra@1.0.0 (location: /Volumes/AdnanFiles/Coding_Work/Unity/Projects/Aliens/Library/PackageCache/com.unity.modules.umbra)
    com.unity.modules.unityanalytics@1.0.0 (location: /Volumes/AdnanFiles/Coding_Work/Unity/Projects/Aliens/Library/PackageCache/com.unity.modules.unityanalytics)
    com.unity.modules.unitywebrequest@1.0.0 (location: /Volumes/AdnanFiles/Coding_Work/Unity/Projects/Aliens/Library/PackageCache/com.unity.modules.unitywebrequest)
    com.unity.modules.unitywebrequestassetbundle@1.0.0 (location: /Volumes/AdnanFiles/Coding_Work/Unity/Projects/Aliens/Library/PackageCache/com.unity.modules.unitywebrequestassetbundle)
    com.unity.modules.unitywebrequestaudio@1.0.0 (location: /Volumes/AdnanFiles/Coding_Work/Unity/Projects/Aliens/Library/PackageCache/com.unity.modules.unitywebrequestaudio)
    com.unity.modules.unitywebrequesttexture@1.0.0 (location: /Volumes/AdnanFiles/Coding_Work/Unity/Projects/Aliens/Library/PackageCache/com.unity.modules.unitywebrequesttexture)
    com.unity.modules.unitywebrequestwww@1.0.0 (location: /Volumes/AdnanFiles/Coding_Work/Unity/Projects/Aliens/Library/PackageCache/com.unity.modules.unitywebrequestwww)
    com.unity.modules.vectorgraphics@1.0.0 (location: /Volumes/AdnanFiles/Coding_Work/Unity/Projects/Aliens/Library/PackageCache/com.unity.modules.vectorgraphics)
    com.unity.modules.vehicles@1.0.0 (location: /Volumes/AdnanFiles/Coding_Work/Unity/Projects/Aliens/Library/PackageCache/com.unity.modules.vehicles)
    com.unity.modules.video@1.0.0 (location: /Volumes/AdnanFiles/Coding_Work/Unity/Projects/Aliens/Library/PackageCache/com.unity.modules.video)
    com.unity.modules.wind@1.0.0 (location: /Volumes/AdnanFiles/Coding_Work/Unity/Projects/Aliens/Library/PackageCache/com.unity.modules.wind)
    com.unity.modules.xr@1.0.0 (location: /Volumes/AdnanFiles/Coding_Work/Unity/Projects/Aliens/Library/PackageCache/com.unity.modules.xr)
    com.unity.modules.subsystems@1.0.0 (location: /Volumes/AdnanFiles/Coding_Work/Unity/Projects/Aliens/Library/PackageCache/com.unity.modules.subsystems)
    com.unity.modules.hierarchycore@1.0.0 (location: /Volumes/AdnanFiles/Coding_Work/Unity/Projects/Aliens/Library/PackageCache/com.unity.modules.hierarchycore)
    com.unity.ext.nunit@2.1.0 (location: /Volumes/AdnanFiles/Coding_Work/Unity/Projects/Aliens/Library/PackageCache/com.unity.ext.nunit@44f7d31723bd)
    com.unity.render-pipelines.core@17.5.0 (location: /Volumes/AdnanFiles/Coding_Work/Unity/Projects/Aliens/Library/PackageCache/com.unity.render-pipelines.core@f43b729f1f6e)
    com.unity.shadergraph@17.5.0 (location: /Volumes/AdnanFiles/Coding_Work/Unity/Projects/Aliens/Library/PackageCache/com.unity.shadergraph@3fa956880a81)
    com.unity.render-pipelines.universal-config@17.5.0 (location: /Volumes/AdnanFiles/Coding_Work/Unity/Projects/Aliens/Library/PackageCache/com.unity.render-pipelines.universal-config@fdda01c80fe3)
    com.unity.mathematics@1.4.0 (location: /Volumes/AdnanFiles/Coding_Work/Unity/Projects/Aliens/Library/PackageCache/com.unity.mathematics@981956d94fb6)
    com.unity.collections@6.5.0 (location: /Volumes/AdnanFiles/Coding_Work/Unity/Projects/Aliens/Library/PackageCache/com.unity.collections@a43cabe808ca)
[Subsystems] No new subsystems found in resolved package list.
[Package Manager] Done registering packages in 0.01 seconds
[ScriptCompilation] Requested script compilation because: AssetDatabase observed changes in script compilation related files
info: Microsoft.Hosting.Lifetime[14]
      Now listening on: http://unix:/tmp/ilpp.sock-c191cc4e12957fbe1bb49575ecf0c68f
info: Microsoft.Hosting.Lifetime[0]
      Application started. Press Ctrl+C to shut down.
info: Microsoft.Hosting.Lifetime[0]
      Hosting environment: Production
info: Microsoft.Hosting.Lifetime[0]
      Content root path: /Volumes/AdnanFiles/Coding_Work/Unity/Projects/Aliens
info: Microsoft.AspNetCore.Hosting.Diagnostics[1]
      Request starting HTTP/2 POST http://ilpp/UnityILPP.PostProcessing/Ping - application/grpc -
info: Microsoft.AspNetCore.Routing.EndpointMiddleware[0]
      Executing endpoint 'gRPC - /UnityILPP.PostProcessing/Ping'
info: Microsoft.AspNetCore.Routing.EndpointMiddleware[1]
      Executed endpoint 'gRPC - /UnityILPP.PostProcessing/Ping'
info: Microsoft.AspNetCore.Hosting.Diagnostics[2]
      Request finished HTTP/2 POST http://ilpp/UnityILPP.PostProcessing/Ping - 200 - application/grpc 30.6358ms
Starting: /Applications/Unity/Hub/Editor/6000.5.0f1/Unity.app/Contents/Resources/BuildPipeline/bee_backend --ipc --defer-dag-verification --dagfile="Library/Bee/200b0aE.dag" --continue-on-failure --profile="Library/Bee/backend1.traceevents" ScriptAssemblies
WorkingDir: /Volumes/AdnanFiles/Coding_Work/Unity/Projects/Aliens
info: Microsoft.AspNetCore.Hosting.Diagnostics[1]
      Request starting HTTP/2 POST http://ilpp/UnityILPP.PostProcessing/ConfigurePostProcessors - application/grpc -
info: Microsoft.AspNetCore.Routing.EndpointMiddleware[0]
      Executing endpoint 'gRPC - /UnityILPP.PostProcessing/ConfigurePostProcessors'
warn: Unity.ILPP.Runner.PostProcessingAssemblyLoadContext[0]
      Assembly system.runtime.interopservices.windowsruntime has duplicate hint path. Ignoring "/Applications/Unity/Hub/Editor/6000.5.0f1/Unity.app/Contents/Resources/Scripting/UnityReferenceAssemblies/unity-4.8-api/Facades/System.Runtime.InteropServices.WindowsRuntime.dll" in favor of "/Applications/Unity/Hub/Editor/6000.5.0f1/Unity.app/Contents/Resources/Scripting/NetStandard/Extensions/2.0.0/System.Runtime.InteropServices.WindowsRuntime.dll"
warn: Unity.ILPP.Runner.PostProcessingAssemblyLoadContext[0]
      Assembly system.componentmodel.composition has duplicate hint path. Ignoring "/Applications/Unity/Hub/Editor/6000.5.0f1/Unity.app/Contents/Resources/Scripting/UnityReferenceAssemblies/unity-4.8-api/System.ComponentModel.Composition.dll" in favor of "/Applications/Unity/Hub/Editor/6000.5.0f1/Unity.app/Contents/Resources/Scripting/NetStandard/compat/2.1.0/shims/netfx/System.ComponentModel.Composition.dll"
info: Unity.ILPP.Runner.PostProcessingAssemblyLoadContext[0]
      Resolved Unity.Burst.Cecil, Version=0.11.6.0, Culture=neutral, PublicKeyToken=50cebf1cceb9d05e with Library/PackageCache/com.unity.burst@6bb9aca3ef38/Unity.Burst.CodeGen/Unity.Burst.Cecil.dll
info: Unity.ILPP.Runner.PostProcessingAssemblyLoadContext[0]
      Resolved Mono.Cecil, Version=0.11.5.0, Culture=neutral, PublicKeyToken=50cebf1cceb9d05e with Library/PackageCache/com.unity.nuget.mono-cecil@ecb9724e46ff/Mono.Cecil.dll
info: Microsoft.AspNetCore.Routing.EndpointMiddleware[1]
      Executed endpoint 'gRPC - /UnityILPP.PostProcessing/ConfigurePostProcessors'
info: Microsoft.AspNetCore.Hosting.Diagnostics[2]
      Request finished HTTP/2 POST http://ilpp/UnityILPP.PostProcessing/ConfigurePostProcessors - 200 - application/grpc 26.1533ms
ExitCode: 0 Duration: 2s385ms
[ 774/1019  0s] ILPP-Configuration Library/ilpp-configuration.nevergeneratedoutput
[1015/1019  2s] Csc Library/Bee/artifacts/200b0aE.dag/Assembly-CSharp.dll (+2 others)
*** Tundra build success (2.24 seconds), 2 items updated, 1019 evaluated
AssetDatabase: script compilation time: 3.484144s
Total cache size 73957388
Total cache size after purge 73957388, took 00:00:00.0625214
Begin MonoManager ReloadAssembly
Importing 'GUID: b81365e279e074bbf9bdbfae55d9c512 - Path: Assets/Scripts' with importer (DefaultImporter)
Imported 'GUID: b81365e279e074bbf9bdbfae55d9c512' -> (Import Result ID: '8c2edaccee59f62397a4dfa9635194ae') in 0.025 seconds [static dependencies only]. Details - ImportResultOutputID=2d246a31257535890c259b4cab618b75 DependenciesID=1c00bcc90e88a177dbc22f31513ebe17 StaticDependenciesID=87245cfc196ec72a446140afd108e7ee 
Refreshing native plugins compatible for Editor in 2.46 ms, found 3 plugins.
Native extension for OSXStandalone target not found
ScheduleIndexationOnStartup MainProcess:True IndexOnStartup:True
Mono: successfully reloaded assembly
- Finished resetting the current domain, in  3.361 seconds
Domain Reload Profiling: 4093ms
	BeginReloadAssembly (184ms)
		DisableScriptedObjects (20ms)
		CreateAndSetChildDomain (34ms)
	RebuildCommonClasses (8ms)
	RebuildNativeTypeToScriptingClass (12ms)
	initialDomainReloadingComplete (33ms)
	LoadAllAssembliesAndSetupDomain (493ms)
		LoadAssemblies (251ms)
		AnalyzeDomain (217ms)
			TypeCache.Refresh (155ms)
				TypeCache.ScanAssembly (139ms)
			BuildScriptInfoCaches (54ms)
			ResolveRequiredComponents (6ms)
	FinalizeReload (3362ms)
		SetupLoadedEditorAssemblies (0ms)
			BeforeProcessingInitializeOnLoad (66ms)
			ProcessInitializeOnLoadAttributes (2325ms)
			ProcessInitializeOnLoadMethodAttributes (726ms)
			AfterProcessingInitializeOnLoad (3ms)
		AwakeInstancesAfterBackupRestoration (38ms)
Importing 'GUID: 0d252538c20bb46448b5309beb49c740 - Path: Assets/Scenes/level1.unity' with importer (DefaultImporter)
Imported 'GUID: 0d252538c20bb46448b5309beb49c740' -> (Import Result ID: '8312383a29f34403757b58f0ace293d5') in 0.009 seconds [static dependencies only]. Details - ImportResultOutputID=c72d9a302a49bc3b8c75f098cdb4d46b DependenciesID=4d80f552bdd86e617283e8c0118f9a49 StaticDependenciesID=ed593fe1b76d024755925bb7f852804a 
Starting new worker id: 0 with log in /Volumes/AdnanFiles/Coding_Work/Unity/Projects/Aliens/Logs/AssetImportWorkerHW0.log
Refreshing native plugins compatible for Editor in 7.83 ms, found 3 plugins.

Asset Pipeline Refresh (id=cfb1c4e503ce040ba9cbda024478d6ce): Total: 10.616 seconds - Initiated by InitialRefreshV2(ForceSynchronousImport)
	(Values over 0.05ms)
	Summary:
		Imports: total=2 (actual=2, local cache=0, cache server=0)
		Asset DB Process Time: managed=4 ms, native=5099 ms
		Asset DB Callback time: managed=1142 ms, native=60 ms
		Scripting: domain reloads=1, domain reload time=779 ms, compile time=3487 ms, other=41 ms
		Project Asset Count: scripts=1570, non-scripts=3491
		Asset File Changes: new=2, changed=3, moved=0, deleted=0
		Scan Filter Count: 1
	InvokePackagesCallback: 20.969ms
	ApplyChangesToAssetFolders: 1.057ms
	Scan: 938.854ms
	Collect global state as custom dependencies: 9.116ms
	OnSourceAssetsModified: 1.167ms
	CategorizeScriptCompilationAssets: 64.166ms
	ProcessAssetsWithTransientArtifactChanges: 81.117ms
	CategorizeAssets: 312.702ms
	CompileScripts: 3487.373ms
	ImportOutOfDateAssets: 3504.338ms (3390.306ms without children)
		ImportManagerImport: 38.874ms (1.723ms without children)
		UnloadImportedAssets: 2.492ms
		EnsureUptoDateAssetsAreRegisteredWithGuidPM: 0.766ms
		ImportSchedulerStart: 71.836ms
	PostProcessAllAssets: 1154.629ms
		VCAutoAddAssetPostprocess 6.800ms
		ShaderAssetModifiedCallback 0.720ms
		PostProcessCallbackCreateDeferredMaterials 0.649ms
		SpriteAtlasDatabase.OnAssetPostprocessCallback 0.209ms
		XRBuildSystem.XRAssetImported 0.200ms
		VersionControlSettings.HiddenFilePostprocess 0.060ms
		MonoPostProcessAllAssets: 1136.008ms
			AssetPostprocessor.OnPostprocessAllAssets 612.975ms
			SyncVS.PostprocessSyncProject 330.994ms
			StyleCatalogPostProcessor.OnPostprocessAllAssets 27.056ms
			UniversalRenderPipelineGlobalSettingsPostprocessor.OnPostprocessAllAssets 24.717ms
			BuilderAssetPostprocessor.OnPostprocessAllAssets 17.288ms
			AssetChangedListener.OnPostprocessAllAssets 15.026ms
			ShaderGraphAssetPostProcessor.OnPostprocessAllAssets 4.336ms
			SpeedTree9Postprocessor.OnPostprocessAllAssets 4.160ms
			WindowAssetPostprocessingWatcher.OnPostprocessAllAssets 3.891ms
			SpriteEditorTexturePostprocessor.OnPostprocessAllAssets 3.182ms
			SampleDependencyImporterPostProcessor.OnPostprocessAllAssets 3.081ms
			MaterialPostprocessor.OnPostprocessAllAssets 3.036ms
			RetainedModeAssetPostprocessor.OnPostprocessAllAssets 2.602ms
			SpriteSlicePostprocessor.OnPostprocessAllAssets 2.380ms
			SpriteShapeAssetPostProcessor.OnPostprocessAllAssets 2.173ms
			UVCSAssetPostprocessor.OnPostprocessAllAssets 2.167ms
			InputActionAssetPostprocessor.OnPostprocessAllAssets 1.789ms
			TMPro_TexturePostProcessor.OnPostprocessAllAssets 1.769ms
			ProjectSettingsPostprocessor.OnPostprocessAllAssets 1.769ms
			TextAssetPostProcessor.OnPostprocessAllAssets 1.754ms
			RenderPipelineGlobalSettingsPostprocessor.OnPostprocessAllAssets 1.532ms
			PostProcessor.OnPostprocessAllAssets 0.843ms
			ArtifactBrowserPostProcessor.OnPostprocessAllAssets 0.757ms
			ShaderReflectionAssetPostProcessor.OnPostprocessAllAssets 0.667ms
			TerrainToolbarOverlayPostProcessor.OnPostprocessAllAssets 0.624ms
			AssetProcessor.OnPostprocessAllAssets 0.543ms
			InputActionJsonNameModifierAssetProcessor.OnPostprocessAllAssets 0.534ms
			SpeedTreePostProcessor.OnPostprocessAllAssets 0.452ms
			AssetDatabaseCallbacks.OnPostprocessAllAssets 0.411ms
			ReferencedClipsPostProcessor.OnPostprocessAllAssets 0.369ms
			ScenarioDriftAssetsTracker.OnPostprocessAllAssets 0.366ms
			SpriteLibraryAssetPostprocessor.OnPostprocessAllAssets 0.341ms
			AudioMixerPostprocessor.OnPostprocessAllAssets 0.276ms
			PSDImportPostProcessor.OnPostprocessAllAssets 0.248ms
			AssetEvents.OnPostprocessAllAssets 0.239ms
			AudioContainerPostProcessor.OnPostprocessAllAssets 0.221ms
			SamplePostprocessor.OnPostprocessAllAssets 0.207ms
			ConfigAssetsTracker.OnPostprocessAllAssets 0.162ms
			PSDImporterAssetPostProcessor.OnPostprocessAllAssets 0.100ms
	PostAssetChangesProfiler: 33.989ms
	UnloadStreamsBegin: 6.991ms
	PersistCurrentRevisions: 0.772ms
	GenerateScriptTypeHashes: 23.993ms
	GenerateScriptTypeSerializationHashes: 26.560ms
	Untracked: 995.507ms

Application.AssetDatabase Initial Refresh End
Shader Hidden/ChartRasterizerHardware is not supported: GPU does not support conservative rasterization
Launching external process: /Applications/Unity/Hub/Editor/6000.5.0f1/Unity.app/Contents/Helpers/UnityShaderCompiler
Launched and connected shader compiler UnityShaderCompiler after 0.96 seconds
Shader Hidden/ChartRasterizerHardware is not supported: GPU does not support conservative rasterization
Scanning for USB devices : 0.207ms
Initializing Unity extensions:
[MODES] ModeService[none].Initialize
[MODES] ModeService[none].LoadModes
[MODES] Loading mode Default (0) for mode-current-id-Aliens
2026-06-21 13:54:37.268 Unity[68888:3607816] NSEventModifierFlagFunction specified to -setKeyEquivalentModifierMask: for item <NSMenuItem: 0xa0c866760 SDF, ke='Command-F12'>, but is only supported for system-provided menu items; will not be used
Unloading 26 Unused Serialized files (Serialized files now loaded: 0)
Loaded scene 'Assets/Scenes/level1.unity'
	Deserialize:            61.537 ms
	Integration:            421.686 ms
	Integration of assets:  0.810 ms
	Thread Wait Time:       -0.357 ms
	Total Operation Time:   483.676 ms
Unloading 7174 unused Assets / (5.5 MB). Loaded Objects now: 8089.
Memory consumption went from 262.9 MB to 257.4 MB.
Total: 30.521292 ms (FindLiveObjects: 1.587000 ms CreateObjectMapping: 2.287458 ms MarkObjects: 18.998792 ms  DeleteObjects: 7.646292 ms)

[LAYOUT] About to load UserSettings/Layouts/default-6000.dwlt, keepMainWindow=False
Worker ready: AssetImportWorkerHW0 0
[LAYOUT] About to save layout /Volumes/AdnanFiles/Coding_Work/Unity/Projects/Aliens/UserSettings/Layouts/default-6000.dwlt
[LAYOUT] About to save layout /Users/adnan/Library/Preferences/Unity/Editor-5.x/Layouts/current/default-6000.dwlt
[MODES] ModeService[default].InitializeCurrentMode
[MODES] ModeService[default].RaiseModeChanged(default, default)
2026-06-21 13:54:39.892 Unity[68888:3607816] NSEventModifierFlagFunction specified to -setKeyEquivalentModifierMask: for item <NSMenuItem: 0xa0c865900 SDF, ke='Command-F12'>, but is only supported for system-provided menu items; will not be used
[Project] Loading completed in 20.953 seconds
	Project init time: 				17.630 seconds
		Template init time: 		0.000 seconds
		Package Manager init time: 		0.427 seconds
		Asset Database init time: 		2.866 seconds
		Global illumination init time: 	0.002 seconds
		Assemblies load time: 			0.819 seconds
		Unity extensions init time: 	0.191 seconds
		Asset Database refresh time: 	10.641 seconds
	Scene opening time: 			2.748 seconds
##utp:{"type":"ProjectInfo","version":2,"phase":"Immediate","time":1782039279966,"processId":68888,"projectLoad":20.953149667,"projectInit":17.629940208,"templateInit":0.0,"packageManagerInit":0.427069875,"assetDatabaseInit":2.865946834,"globalIlluminationInit":0.00185375,"assembliesLoad":0.818724666,"unityExtensionsInit":0.191452167,"assetDatabaseRefresh":10.641026416,"sceneOpening":2.747817417}
##utp:{"type":"EditorInfo","version":2,"phase":"Immediate","time":1782039279967,"processId":68888,"editorVersion":"6000.5.0f1 (88b47c5e7076)","branch":"6000.5/staging","buildType":"Release","platform":"OSX"}
Subscribe to USB device events
Scanning for USB devices : 0.376ms
Created GICache directory at /Users/adnan/Library/Caches/com.unity3d.UnityEditor/GiCache. Took: 0.078s, timestamps: [20.986 - 21.064]
[Licensing::Client] Successfully resolved entitlement details
[Licensing::Client] Successfully resolved entitlement details
[Licensing::Client] Successfully updated the access token
[Licensing::Module] Successfully updated access token: "UVjytTdz"... (expires: 2026-06-21T12:31:21Z)
[Licensing::Client] Successfully resolved entitlement details
UPID Received 'b12eb167-c26f-4dea-90aa-3bb147663190'.

Asset Pipeline Refresh (id=9b2f99be985874a0fb63bebe3a43cc69): Total: 1.858 seconds - Initiated by RefreshV2(AllowForceSynchronousImport)
	(Values over 0.05ms)
	Summary:
		Imports: total=0 (actual=0, local cache=0, cache server=0)
		Asset DB Process Time: managed=0 ms, native=1837 ms
		Asset DB Callback time: managed=0 ms, native=12 ms
		Scripting: domain reloads=0, domain reload time=0 ms, compile time=1 ms, other=0 ms
		Project Asset Count: scripts=1570, non-scripts=3491
		Asset File Changes: new=0, changed=0, moved=0, deleted=0
		Scan Filter Count: 1
	InvokePackagesCallback: 12.300ms
	ApplyChangesToAssetFolders: 2.436ms
	Scan: 859.275ms
	Collect global state as custom dependencies: 6.154ms
	OnSourceAssetsModified: 1.019ms
	ProcessAssetsWithTransientArtifactChanges: 7.233ms
	CategorizeAssets: 398.295ms
	CompileScripts: 0.978ms
	ImportOutOfDateAssets: 79.787ms (18.246ms without children)
		ReloadNativeAssets: 0.389ms
		UnloadImportedAssets: 0.695ms
		EnsureUptoDateAssetsAreRegisteredWithGuidPM: 0.760ms
		ImportSchedulerStart: 59.696ms
	GatherAllCurrentPrimaryImportResultRevisions: 75.808ms
	UnloadStreamsBegin: 58.679ms
	PersistCurrentRevisions: 0.137ms
	Untracked: 338.383ms

Start Indexing on Editor startup
[Indexing] Starting Initial Indexing for Assets
Starting new worker id: 1 with log in /Volumes/AdnanFiles/Coding_Work/Unity/Projects/Aliens/Logs/AssetImportWorkerHW1.log
Worker ready: AssetImportWorkerHW1 1
[Worker1] Imported GUID: b81365e279e074bbf9bdbfae55d9c512 - Path: Assets/Scripts - Importer: ScriptedImporter/UnityEditor.QuickSearchModule:UnityEditor.Search:ASIAI0B -> (ImportResultId: '6f981cbe25821ae8d21ab69b7667b9af') in 0.07506 seconds
TrimDiskCacheJob: Current cache size 0mb
Failed to find entry-points:
System.DllNotFoundException: Unable to load the unmanaged library `/Volumes/AdnanFiles/Coding_Work/Unity/Projects/Aliens/Library/PackageCache/com.unity.burst@6bb9aca3ef38/.Runtime/libburst-llvm-19.dylib`
  at Burst.Backend.UnmanagedLibrary+MacOSUnmanagedLibrary.LoadLibrary (System.String name, System.Boolean addPlatformPrefix, System.Boolean addPlatformFileExtension, System.Boolean addArchitecturePostfix) [0x000a1] in <c6081d66416a4b579fa919569b56c9a2>:0 
  at Burst.Backend.UnmanagedLibrary.LoadLibrary (System.String name, System.Boolean addPlatformPrefix, System.Boolean addPlatformFileExtension, System.Boolean addArchitecturePostfix) [0x00020] in <c6081d66416a4b579fa919569b56c9a2>:0 
  at Burst.Backend.StandardCompilerBackend..ctor (System.String nativeSharedLibraryName) [0x0000d] in <c6081d66416a4b579fa919569b56c9a2>:0 
  at Burst.Backend.StandardCompilerBackend.GetSingleton (System.String backendName) [0x0001f] in <c6081d66416a4b579fa919569b56c9a2>:0 
  at Burst.Compiler.IL.Server.LibraryCompiler..ctor (Burst.Compiler.IL.Server.GlobalContext globalContext, System.String backendName) [0x00026] in <e55fa4270c8a4cb18b54084f9d890962>:0 
  at Burst.Compiler.IL.Server.CompilerServer.CompileLibrary (Burst.Compiler.IL.Server.CompileLibraryJob request, Burst.Compiler.IL.Server.CompilationMessageStreamer streamer, Burst.Compiler.IL.Server.ProgressMessageHelper progressHelper, System.Threading.CancellationToken cancellationToken) [0x000bd] in <e55fa4270c8a4cb18b54084f9d890962>:0 
  at Burst.Compiler.IL.Server.CompilerServer+<>c__DisplayClass25_0.<RunTask>b__0 () [0x00138] in <e55fa4270c8a4cb18b54084f9d890962>:0 
  at Burst.Compiler.IL.Server.CompilerServer.RunTask (Burst.Compiler.IL.Server.TargetKey target, System.String taskName, System.String[] assemblyFolders, System.Threading.CancellationToken cancellationToken, System.Func`2[T,TResult] function) [0x0012e] in <e55fa4270c8a4cb18b54084f9d890962>:0 
  at Burst.Compiler.IL.Server.CompilerServer.Compile (Burst.Compiler.IL.Server.CompilerServerOptions options, Burst.Compiler.IL.Server.CompilationMessageStreamer streamer, System.Threading.CancellationToken cancellationToken) [0x003d5] in <e55fa4270c8a4cb18b54084f9d890962>:0 

While compiling job:
[ScriptCompilation] Requested script compilation because: AssetDatabase observed changes in script compilation related files
AssetDatabase: script compilation time: 0.047251s
[Licensing::Client] Successfully resolved entitlement details
info: Microsoft.AspNetCore.Hosting.Diagnostics[1]
      Request starting HTTP/2 POST http://ilpp/UnityILPP.PostProcessing/Ping - application/grpc -
info: Microsoft.AspNetCore.Routing.EndpointMiddleware[0]
      Executing endpoint 'gRPC - /UnityILPP.PostProcessing/Ping'
info: Microsoft.AspNetCore.Routing.EndpointMiddleware[1]
      Executed endpoint 'gRPC - /UnityILPP.PostProcessing/Ping'
info: Microsoft.AspNetCore.Hosting.Diagnostics[2]
      Request finished HTTP/2 POST http://ilpp/UnityILPP.PostProcessing/Ping - 200 - application/grpc 40.9754ms
Starting: /Applications/Unity/Hub/Editor/6000.5.0f1/Unity.app/Contents/Resources/BuildPipeline/bee_backend --ipc --defer-dag-verification --dagfile="Library/Bee/200b0aE.dag" --continue-on-failure --profile="Library/Bee/backend1.traceevents" ScriptAssemblies
WorkingDir: /Volumes/AdnanFiles/Coding_Work/Unity/Projects/Aliens
info: Microsoft.AspNetCore.Hosting.Diagnostics[1]
      Request starting HTTP/2 POST http://ilpp/UnityILPP.PostProcessing/ConfigurePostProcessors - application/grpc -
info: Microsoft.AspNetCore.Routing.EndpointMiddleware[0]
      Executing endpoint 'gRPC - /UnityILPP.PostProcessing/ConfigurePostProcessors'
info: Unity.ILPP.Runner.PostProcessingAssemblyLoadContext[0]
      Current configuration matches the requested one, skipping
info: Microsoft.AspNetCore.Routing.EndpointMiddleware[1]
      Executed endpoint 'gRPC - /UnityILPP.PostProcessing/ConfigurePostProcessors'
info: Microsoft.AspNetCore.Hosting.Diagnostics[2]
      Request finished HTTP/2 POST http://ilpp/UnityILPP.PostProcessing/ConfigurePostProcessors - 200 - application/grpc 18.0809ms
info: Microsoft.AspNetCore.Hosting.Diagnostics[1]
      Request starting HTTP/2 POST http://ilpp/UnityILPP.PostProcessing/PostProcessAssembly - application/grpc -
info: Microsoft.AspNetCore.Routing.EndpointMiddleware[0]
      Executing endpoint 'gRPC - /UnityILPP.PostProcessing/PostProcessAssembly'
info: Unity.ILPP.Runner.PostProcessingPipeline[0]
      Processing assembly Library/Bee/artifacts/200b0aE.dag/Assembly-CSharp.dll, with 137 defines and 354 references
info: Unity.ILPP.Runner.PostProcessingPipeline[0]
      processors: Unity.Jobs.CodeGen.JobsILPostProcessor, zzzUnity.Burst.CodeGen.BurstILPostProcessor
info: Unity.ILPP.Runner.PostProcessingPipeline[0]
      running Unity.Jobs.CodeGen.JobsILPostProcessor
info: Unity.ILPP.Runner.PostProcessingAssemblyLoadContext[0]
      Resolved Unity.Collections, Version=0.0.0.0, Culture=neutral, PublicKeyToken=null with Library/Bee/artifacts/200b0aE.dag/Unity.Collections.dll
info: Unity.ILPP.Runner.PostProcessingAssemblyLoadContext[0]
      Resolved UnityEditor.CoreModule, Version=0.0.0.0, Culture=neutral, PublicKeyToken=null with /Applications/Unity/Hub/Editor/6000.5.0f1/Unity.app/Contents/Resources/Scripting/Managed/UnityEngine/UnityEditor.CoreModule.dll
info: Unity.ILPP.Runner.PostProcessingAssemblyLoadContext[0]
      Resolved UnityEngine.CoreModule, Version=0.0.0.0, Culture=neutral, PublicKeyToken=null with /Applications/Unity/Hub/Editor/6000.5.0f1/Unity.app/Contents/Resources/Scripting/Managed/UnityEngine/UnityEngine.CoreModule.dll
info: Unity.ILPP.Runner.PostProcessingAssemblyLoadContext[0]
      Resolved Unity.Scripting, Version=0.0.0.0, Culture=neutral, PublicKeyToken=null with /Applications/Unity/Hub/Editor/6000.5.0f1/Unity.app/Contents/Resources/Scripting/Managed/UnityEngine/Unity.Scripting.dll
info: Unity.ILPP.Runner.PostProcessingPipeline[0]
      running zzzUnity.Burst.CodeGen.BurstILPostProcessor
info: Unity.ILPP.Runner.PostProcessingAssemblyLoadContext[0]
      Resolved Unity.Burst.Cecil.Rocks, Version=0.11.6.0, Culture=neutral, PublicKeyToken=50cebf1cceb9d05e with Library/PackageCache/com.unity.burst@6bb9aca3ef38/Unity.Burst.CodeGen/Unity.Burst.Cecil.Rocks.dll
info: Microsoft.AspNetCore.Routing.EndpointMiddleware[1]
      Executed endpoint 'gRPC - /UnityILPP.PostProcessing/PostProcessAssembly'
info: Microsoft.AspNetCore.Hosting.Diagnostics[2]
      Request finished HTTP/2 POST http://ilpp/UnityILPP.PostProcessing/PostProcessAssembly - 200 - application/grpc 282.3090ms
ExitCode: 0 Duration: 4s496ms
[ 774/1019  0s] ILPP-Configuration Library/ilpp-configuration.nevergeneratedoutput
[1015/1019  2s] Csc Library/Bee/artifacts/200b0aE.dag/Assembly-CSharp.dll (+2 others)
[1016/1019  0s] ILPostProcess Library/Bee/artifacts/200b0aE.dag/post-processed/Assembly-CSharp.dll (+pdb)
Processing assembly Library/Bee/artifacts/200b0aE.dag/Assembly-CSharp.dll, with 137 defines and 354 references
processors: Unity.Jobs.CodeGen.JobsILPostProcessor, zzzUnity.Burst.CodeGen.BurstILPostProcessor
running Unity.Jobs.CodeGen.JobsILPostProcessor
running zzzUnity.Burst.CodeGen.BurstILPostProcessor
[1017/1019  0s] CopyFiles Library/ScriptAssemblies/Assembly-CSharp.dll
[1018/1019  0s] CopyFiles Library/ScriptAssemblies/Assembly-CSharp.pdb
*** Tundra build success (4.28 seconds), 5 items updated, 1019 evaluated
Total cache size 73957388
Total cache size after purge 73957388, took 00:00:00.1266421
Reloading assemblies after forced synchronous recompile.
Begin MonoManager ReloadAssembly
2026-06-21 14:07:23.284 Unity[68888:3607816] NSEventModifierFlagFunction specified to -setKeyEquivalentModifierMask: for item <NSMenuItem: 0xa0c865fe0 SDF, ke='Command-F12'>, but is only supported for system-provided menu items; will not be used
2026-06-21 14:07:23.290 Unity[68888:3607816] NSEventModifierFlagFunction specified to -setKeyEquivalentModifierMask: for item <NSMenuItem: 0xa0d495360 SDF, ke='Command-F12'>, but is only supported for system-provided menu items; will not be used
2026-06-21 14:07:23.295 Unity[68888:3607816] NSEventModifierFlagFunction specified to -setKeyEquivalentModifierMask: for item <NSMenuItem: 0xa0d496620 SDF, ke='Command-F12'>, but is only supported for system-provided menu items; will not be used
2026-06-21 14:07:23.299 Unity[68888:3607816] NSEventModifierFlagFunction specified to -setKeyEquivalentModifierMask: for item <NSMenuItem: 0xa0d494dc0 SDF, ke='Command-F12'>, but is only supported for system-provided menu items; will not be used
Thread 0x331607000 may have been prematurely finalized
<CFData 0xa0072b6b0 [0x20a1685c0]>{length = 6, capacity = 6, bytes = 0x3c063051b14f}
Refreshing native plugins compatible for Editor in 3.21 ms, found 3 plugins.
Native extension for OSXStandalone target not found
[MODES] ModeService[none].Initialize
[MODES] ModeService[none].LoadModes
2026-06-21 14:07:26.665 Unity[68888:3607816] NSEventModifierFlagFunction specified to -setKeyEquivalentModifierMask: for item <NSMenuItem: 0xa0c85f660 SDF, ke='Command-F12'>, but is only supported for system-provided menu items; will not be used
ScheduleIndexationOnStartup MainProcess:True IndexOnStartup:True
Mono: successfully reloaded assembly
- Finished resetting the current domain, in  1.459 seconds
Domain Reload Profiling: 3966ms
	BeginReloadAssembly (1725ms)
		ExecutionOrderSort (5ms)
		DisableScriptedObjects (376ms)
		CreateAndSetChildDomain (794ms)
	RebuildCommonClasses (8ms)
	RebuildNativeTypeToScriptingClass (12ms)
	initialDomainReloadingComplete (51ms)
	LoadAllAssembliesAndSetupDomain (709ms)
		LoadAssemblies (597ms)
		AnalyzeDomain (250ms)
			TypeCache.Refresh (38ms)
			BuildScriptInfoCaches (196ms)
			ResolveRequiredComponents (6ms)
	FinalizeReload (1460ms)
		SetupLoadedEditorAssemblies (0ms)
			BeforeProcessingInitializeOnLoad (342ms)
			ProcessInitializeOnLoadAttributes (306ms)
			ProcessInitializeOnLoadMethodAttributes (94ms)
		AwakeInstancesAfterBackupRestoration (365ms)

Asset Pipeline Refresh (id=ff148ffbfe48e4d1a9ec963839ce69f0): Total: 13.021 seconds - Initiated by RefreshV2(AllowForceSynchronousImport)
	(Values over 0.05ms)
	Summary:
		Imports: total=0 (actual=0, local cache=0, cache server=0)
		Asset DB Process Time: managed=0 ms, native=2957 ms
		Asset DB Callback time: managed=137 ms, native=20 ms
		Scripting: domain reloads=1, domain reload time=2602 ms, compile time=3 ms, other=0 ms
		Project Asset Count: scripts=1570, non-scripts=3491
		Asset File Changes: new=0, changed=1, moved=0, deleted=0
		Scan Filter Count: 1
	InvokePackagesCallback: 1.385ms
	ApplyChangesToAssetFolders: 0.552ms
	Scan: 434.884ms
	Collect global state as custom dependencies: 6.942ms
	ProcessAssetsWithTransientArtifactChanges: 13.239ms
	CategorizeAssets: 187.369ms
	CompileScripts: 2.788ms
	ImportOutOfDateAssets: 1521.348ms (1479.965ms without children)
		CollectScriptTypesHashes: 19.755ms
		ReloadNativeAssets: 1.626ms
		UnloadImportedAssets: 1.948ms
		EnsureUptoDateAssetsAreRegisteredWithGuidPM: 0.645ms
		ImportSchedulerStart: 37.074ms
	PostProcessAllAssets: 52.032ms
		PostProcessCallbackCreateDeferredMaterials 0.289ms
		ShaderAssetModifiedCallback 0.243ms
		XRBuildSystem.XRAssetImported 0.157ms
		MonoPostProcessAllAssets: 49.743ms
			BuilderAssetPostprocessor.OnPostprocessAllAssets 10.039ms
			UniversalRenderPipelineGlobalSettingsPostprocessor.OnPostprocessAllAssets 7.426ms
			SyncVS.PostprocessSyncProject 6.155ms
			AssetChangedListener.OnPostprocessAllAssets 3.575ms
			AssetPostprocessor.OnPostprocessAllAssets 2.632ms
			WindowAssetPostprocessingWatcher.OnPostprocessAllAssets 1.520ms
			SpriteSlicePostprocessor.OnPostprocessAllAssets 1.308ms
			SpeedTree9Postprocessor.OnPostprocessAllAssets 1.127ms
			ShaderGraphAssetPostProcessor.OnPostprocessAllAssets 1.035ms
			RetainedModeAssetPostprocessor.OnPostprocessAllAssets 0.742ms
			MaterialPostprocessor.OnPostprocessAllAssets 0.473ms
			RenderPipelineGlobalSettingsPostprocessor.OnPostprocessAllAssets 0.411ms
			TMPro_TexturePostProcessor.OnPostprocessAllAssets 0.392ms
			ArtifactBrowserPostProcessor.OnPostprocessAllAssets 0.372ms
			SpriteShapeAssetPostProcessor.OnPostprocessAllAssets 0.357ms
			SpriteEditorTexturePostprocessor.OnPostprocessAllAssets 0.336ms
			UVCSAssetPostprocessor.OnPostprocessAllAssets 0.288ms
			SampleDependencyImporterPostProcessor.OnPostprocessAllAssets 0.280ms
			ShaderReflectionAssetPostProcessor.OnPostprocessAllAssets 0.277ms
			PostProcessor.OnPostprocessAllAssets 0.261ms
			AudioMixerPostprocessor.OnPostprocessAllAssets 0.229ms
			ReferencedClipsPostProcessor.OnPostprocessAllAssets 0.205ms
			InputActionAssetPostprocessor.OnPostprocessAllAssets 0.204ms
			TextAssetPostProcessor.OnPostprocessAllAssets 0.190ms
			InputActionJsonNameModifierAssetProcessor.OnPostprocessAllAssets 0.166ms
			AssetEvents.OnPostprocessAllAssets 0.132ms
			StyleCatalogPostProcessor.OnPostprocessAllAssets 0.123ms
			SpriteLibraryAssetPostprocessor.OnPostprocessAllAssets 0.115ms
			SpeedTreePostProcessor.OnPostprocessAllAssets 0.107ms
			TerrainToolbarOverlayPostProcessor.OnPostprocessAllAssets 0.089ms
			ProjectSettingsPostprocessor.OnPostprocessAllAssets 0.087ms
			AssetDatabaseCallbacks.OnPostprocessAllAssets 0.086ms
			ConfigAssetsTracker.OnPostprocessAllAssets 0.079ms
			SamplePostprocessor.OnPostprocessAllAssets 0.076ms
			ScenarioDriftAssetsTracker.OnPostprocessAllAssets 0.075ms
			AudioContainerPostProcessor.OnPostprocessAllAssets 0.075ms
			PSDImportPostProcessor.OnPostprocessAllAssets 0.075ms
	PostAssetChangesProfiler: 12.290ms
	PersistCurrentRevisions: 0.136ms
	GenerateScriptTypeHashes: 11.134ms
	GenerateScriptTypeSerializationHashes: 16.030ms
	Untracked: 2886.632ms

[Licensing::Client] Successfully resolved entitlement details
[Licensing::Client] Successfully resolved entitlement details
2026-06-21 14:07:30.801 Unity[68888:3607816] NSEventModifierFlagFunction specified to -setKeyEquivalentModifierMask: for item <NSMenuItem: 0xa0c857660 SDF, ke='Command-F12'>, but is only supported for system-provided menu items; will not be used
SpriteAtlasPacking completed in 0.029431 sec
Reloading assemblies for play mode.
Reloading assemblies after forced synchronous recompile.
Begin MonoManager ReloadAssembly
2026-06-21 14:07:31.050 Unity[68888:3607816] NSEventModifierFlagFunction specified to -setKeyEquivalentModifierMask: for item <NSMenuItem: 0xa0c84cf00 SDF, ke='Command-F12'>, but is only supported for system-provided menu items; will not be used
2026-06-21 14:07:31.055 Unity[68888:3607816] NSEventModifierFlagFunction specified to -setKeyEquivalentModifierMask: for item <NSMenuItem: 0xa0c8666c0 SDF, ke='Command-F12'>, but is only supported for system-provided menu items; will not be used
2026-06-21 14:07:31.059 Unity[68888:3607816] NSEventModifierFlagFunction specified to -setKeyEquivalentModifierMask: for item <NSMenuItem: 0xa0c856e40 SDF, ke='Command-F12'>, but is only supported for system-provided menu items; will not be used
2026-06-21 14:07:31.064 Unity[68888:3607816] NSEventModifierFlagFunction specified to -setKeyEquivalentModifierMask: for item <NSMenuItem: 0xa0c826440 SDF, ke='Command-F12'>, but is only supported for system-provided menu items; will not be used
Native extension for OSXStandalone target not found
ScheduleIndexationOnStartup MainProcess:True IndexOnStartup:True
[MODES] ModeService[none].Initialize
[MODES] ModeService[none].LoadModes
Mono: successfully reloaded assembly
- Finished resetting the current domain, in  1.125 seconds
Domain Reload Profiling: 2548ms
	BeginReloadAssembly (1185ms)
		DisableScriptedObjects (101ms)
		CreateAndSetChildDomain (878ms)
	RebuildCommonClasses (6ms)
	RebuildNativeTypeToScriptingClass (14ms)
	initialDomainReloadingComplete (43ms)
	LoadAllAssembliesAndSetupDomain (174ms)
		LoadAssemblies (117ms)
		AnalyzeDomain (23ms)
			TypeCache.Refresh (12ms)
			ResolveRequiredComponents (7ms)
	FinalizeReload (1126ms)
		SetupLoadedEditorAssemblies (0ms)
			BeforeProcessingInitializeOnLoad (65ms)
			ProcessInitializeOnLoadAttributes (279ms)
			ProcessInitializeOnLoadMethodAttributes (79ms)
		AwakeInstancesAfterBackupRestoration (344ms)

Asset Pipeline Refresh (id=16a8c75140a9d4d37bb5b0c212e59b71): Total: 2.797 seconds - Initiated by StopAssetImportingV2(ForceSynchronousImport | ForceDomainReload)
	(Values over 0.05ms)
	Summary:
		Imports: total=0 (actual=0, local cache=0, cache server=0)
		Asset DB Process Time: managed=0 ms, native=1316 ms
		Asset DB Callback time: managed=23 ms, native=0 ms
		Scripting: domain reloads=1, domain reload time=1454 ms, compile time=1 ms, other=0 ms
		Project Asset Count: scripts=1570, non-scripts=3491
		Asset File Changes: new=0, changed=0, moved=0, deleted=0
		Scan Filter Count: 0
	InvokePackagesCallback: 1.031ms
	ApplyChangesToAssetFolders: 0.431ms
	Collect global state as custom dependencies: 1.463ms
	ProcessAssetsWithTransientArtifactChanges: 0.331ms
	CategorizeAssets: 57.167ms
	CompileScripts: 1.193ms
	ImportOutOfDateAssets: 1183.057ms (1140.643ms without children)
		CollectScriptTypesHashes: 2.999ms
		ReloadNativeAssets: 0.790ms
		UnloadImportedAssets: 0.097ms
		EnsureUptoDateAssetsAreRegisteredWithGuidPM: 0.630ms
		ImportSchedulerStart: 40.857ms
	PostProcessAllAssets: 23.939ms
		MonoPostProcessAllAssets: 23.936ms
			BuilderAssetPostprocessor.OnPostprocessAllAssets 10.039ms
			UniversalRenderPipelineGlobalSettingsPostprocessor.OnPostprocessAllAssets 7.274ms
			SyncVS.PostprocessSyncProject 5.612ms
			AssetChangedListener.OnPostprocessAllAssets 3.575ms
			AssetPostprocessor.OnPostprocessAllAssets 2.632ms
			WindowAssetPostprocessingWatcher.OnPostprocessAllAssets 1.360ms
			SpriteSlicePostprocessor.OnPostprocessAllAssets 1.308ms
			SpeedTree9Postprocessor.OnPostprocessAllAssets 1.122ms
			ShaderGraphAssetPostProcessor.OnPostprocessAllAssets 1.035ms
			RetainedModeAssetPostprocessor.OnPostprocessAllAssets 0.742ms
			MaterialPostprocessor.OnPostprocessAllAssets 0.473ms
			RenderPipelineGlobalSettingsPostprocessor.OnPostprocessAllAssets 0.451ms
			TMPro_TexturePostProcessor.OnPostprocessAllAssets 0.392ms
			ArtifactBrowserPostProcessor.OnPostprocessAllAssets 0.372ms
			SpriteShapeAssetPostProcessor.OnPostprocessAllAssets 0.357ms
			SpriteEditorTexturePostprocessor.OnPostprocessAllAssets 0.336ms
			UVCSAssetPostprocessor.OnPostprocessAllAssets 0.288ms
			SampleDependencyImporterPostProcessor.OnPostprocessAllAssets 0.280ms
			PostProcessor.OnPostprocessAllAssets 0.261ms
			AudioMixerPostprocessor.OnPostprocessAllAssets 0.229ms
			ShaderReflectionAssetPostProcessor.OnPostprocessAllAssets 0.226ms
			ReferencedClipsPostProcessor.OnPostprocessAllAssets 0.216ms
			TextAssetPostProcessor.OnPostprocessAllAssets 0.190ms
			InputActionJsonNameModifierAssetProcessor.OnPostprocessAllAssets 0.166ms
			InputActionAssetPostprocessor.OnPostprocessAllAssets 0.153ms
			AssetEvents.OnPostprocessAllAssets 0.132ms
			StyleCatalogPostProcessor.OnPostprocessAllAssets 0.123ms
			SpriteLibraryAssetPostprocessor.OnPostprocessAllAssets 0.115ms
			SpeedTreePostProcessor.OnPostprocessAllAssets 0.107ms
			TerrainToolbarOverlayPostProcessor.OnPostprocessAllAssets 0.101ms
			ProjectSettingsPostprocessor.OnPostprocessAllAssets 0.100ms
			AssetDatabaseCallbacks.OnPostprocessAllAssets 0.087ms
			ConfigAssetsTracker.OnPostprocessAllAssets 0.079ms
			SamplePostprocessor.OnPostprocessAllAssets 0.076ms
			ScenarioDriftAssetsTracker.OnPostprocessAllAssets 0.075ms
			AudioContainerPostProcessor.OnPostprocessAllAssets 0.075ms
			PSDImportPostProcessor.OnPostprocessAllAssets 0.075ms
	GatherAllCurrentPrimaryImportResultRevisions: 0.655ms
	UnloadStreamsBegin: 0.972ms
	PersistCurrentRevisions: 0.138ms
	GenerateScriptTypeHashes: 1.995ms
	GenerateScriptTypeSerializationHashes: 3.320ms
	Untracked: 1521.510ms

Loaded scene 'Temp/__Backupscenes/0.backup'
	Deserialize:            1.302 ms
	Integration:            578.646 ms
	Integration of assets:  0.001 ms
	Thread Wait Time:       0.004 ms
	Total Operation Time:   579.952 ms
[Licensing::Client] Successfully resolved entitlement details
[Licensing::Client] Successfully resolved entitlement details
2026-06-21 14:08:02.302 Unity[68888:3607816] NSEventModifierFlagFunction specified to -setKeyEquivalentModifierMask: for item <NSMenuItem: 0xa0c824f00 SDF, ke='Command-F12'>, but is only supported for system-provided menu items; will not be used
Thread 0x1762bf000 may have been prematurely finalized
Unloading 1 Unused Serialized files (Serialized files now loaded: 0)
Loaded scene 'Temp/__Backupscenes/0.backup'
	Deserialize:            1.145 ms
	Integration:            346.682 ms
	Integration of assets:  0.002 ms
	Thread Wait Time:       0.002 ms
	Total Operation Time:   347.831 ms
Unloading 18 unused Assets / (144.2 KB). Loaded Objects now: 9155.
Memory consumption went from 327.6 MB to 327.4 MB.
Total: 21.336375 ms (FindLiveObjects: 1.236083 ms CreateObjectMapping: 1.410250 ms MarkObjects: 18.157250 ms  DeleteObjects: 0.532375 ms)

[Licensing::Client] Successfully resolved entitlement details
Failed to find entry-points:
System.DllNotFoundException: Unable to load the unmanaged library `/Volumes/AdnanFiles/Coding_Work/Unity/Projects/Aliens/Library/PackageCache/com.unity.burst@6bb9aca3ef38/.Runtime/libburst-llvm-19.dylib` Reason: dlopen(/Volumes/AdnanFiles/Coding_Work/Unity/Projects/Aliens/Library/PackageCache/com.unity.burst@6bb9aca3ef38/.Runtime/libburst-llvm-19.dylib, 0x0002): tried: '/Volumes/AdnanFiles/Coding_Work/Unity/Projects/Aliens/Library/PackageCache/com.unity.burst@6bb9aca3ef38/.Runtime/libburst-llvm-19.dylib' (slice is not valid mach-o file), '/System/Volumes/Preboot/Cryptexes/OS/Volumes/AdnanFiles/Coding_Work/Unity/Projects/Aliens/Library/PackageCache/com.unity.burst@6bb9aca3ef38/.Runtime/libburst-llvm-19.dylib' (no such file), '/Volumes/AdnanFiles/Coding_Work/Unity/Projects/Aliens/Library/PackageCache/com.unity.burst@6bb9aca3ef38/.Runtime/libburst-llvm-19.dylib' (slice is not valid mach-o file)
  at Burst.Backend.UnmanagedLibrary+MacOSUnmanagedLibrary.LoadLibrary (System.String name, System.Boolean addPlatformPrefix, System.Boolean addPlatformFileExtension, System.Boolean addArchitecturePostfix) [0x000a1] in <c6081d66416a4b579fa919569b56c9a2>:0 
  at Burst.Backend.UnmanagedLibrary.LoadLibrary (System.String name, System.Boolean addPlatformPrefix, System.Boolean addPlatformFileExtension, System.Boolean addArchitecturePostfix) [0x00020] in <c6081d66416a4b579fa919569b56c9a2>:0 
  at Burst.Backend.StandardCompilerBackend..ctor (System.String nativeSharedLibraryName) [0x0000d] in <c6081d66416a4b579fa919569b56c9a2>:0 
  at Burst.Backend.StandardCompilerBackend.GetSingleton (System.String backendName) [0x0001f] in <c6081d66416a4b579fa919569b56c9a2>:0 
  at Burst.Compiler.IL.Server.LibraryCompiler..ctor (Burst.Compiler.IL.Server.GlobalContext globalContext, System.String backendName) [0x00026] in <e55fa4270c8a4cb18b54084f9d890962>:0 
  at Burst.Compiler.IL.Server.CompilerServer.CompileLibrary (Burst.Compiler.IL.Server.CompileLibraryJob request, Burst.Compiler.IL.Server.CompilationMessageStreamer streamer, Burst.Compiler.IL.Server.ProgressMessageHelper progressHelper, System.Threading.CancellationToken cancellationToken) [0x000bd] in <e55fa4270c8a4cb18b54084f9d890962>:0 
  at Burst.Compiler.IL.Server.CompilerServer+<>c__DisplayClass25_0.<RunTask>b__0 () [0x00138] in <e55fa4270c8a4cb18b54084f9d890962>:0 
  at Burst.Compiler.IL.Server.CompilerServer.RunTask (Burst.Compiler.IL.Server.TargetKey target, System.String taskName, System.String[] assemblyFolders, System.Threading.CancellationToken cancellationToken, System.Func`2[T,TResult] function) [0x0012e] in <e55fa4270c8a4cb18b54084f9d890962>:0 
  at Burst.Compiler.IL.Server.CompilerServer.Compile (Burst.Compiler.IL.Server.CompilerServerOptions options, Burst.Compiler.IL.Server.CompilationMessageStreamer streamer, System.Threading.CancellationToken cancellationToken) [0x003d5] in <e55fa4270c8a4cb18b54084f9d890962>:0 

While compiling job:
[ScriptCompilation] Requested script compilation because: AssetDatabase observed changes in script compilation related files
[Licensing::Client] Successfully resolved entitlement details
info: Microsoft.AspNetCore.Hosting.Diagnostics[1]
      Request starting HTTP/2 POST http://ilpp/UnityILPP.PostProcessing/Ping - application/grpc -
info: Microsoft.AspNetCore.Routing.EndpointMiddleware[0]
      Executing endpoint 'gRPC - /UnityILPP.PostProcessing/Ping'
info: Microsoft.AspNetCore.Routing.EndpointMiddleware[1]
      Executed endpoint 'gRPC - /UnityILPP.PostProcessing/Ping'
info: Microsoft.AspNetCore.Hosting.Diagnostics[2]
      Request finished HTTP/2 POST http://ilpp/UnityILPP.PostProcessing/Ping - 200 - application/grpc 17.0052ms
Starting: /Applications/Unity/Hub/Editor/6000.5.0f1/Unity.app/Contents/Resources/BuildPipeline/bee_backend --ipc --defer-dag-verification --dagfile="Library/Bee/200b0aE.dag" --continue-on-failure --profile="Library/Bee/backend1.traceevents" ScriptAssemblies
WorkingDir: /Volumes/AdnanFiles/Coding_Work/Unity/Projects/Aliens
info: Microsoft.AspNetCore.Hosting.Diagnostics[1]
      Request starting HTTP/2 POST http://ilpp/UnityILPP.PostProcessing/ConfigurePostProcessors - application/grpc -
info: Microsoft.AspNetCore.Routing.EndpointMiddleware[0]
      Executing endpoint 'gRPC - /UnityILPP.PostProcessing/ConfigurePostProcessors'
info: Unity.ILPP.Runner.PostProcessingAssemblyLoadContext[0]
      Current configuration matches the requested one, skipping
info: Microsoft.AspNetCore.Routing.EndpointMiddleware[1]
      Executed endpoint 'gRPC - /UnityILPP.PostProcessing/ConfigurePostProcessors'
info: Microsoft.AspNetCore.Hosting.Diagnostics[2]
      Request finished HTTP/2 POST http://ilpp/UnityILPP.PostProcessing/ConfigurePostProcessors - 200 - application/grpc 9.8694ms
info: Microsoft.AspNetCore.Hosting.Diagnostics[1]
      Request starting HTTP/2 POST http://ilpp/UnityILPP.PostProcessing/PostProcessAssembly - application/grpc -
info: Microsoft.AspNetCore.Routing.EndpointMiddleware[0]
      Executing endpoint 'gRPC - /UnityILPP.PostProcessing/PostProcessAssembly'
info: Unity.ILPP.Runner.PostProcessingPipeline[0]
      Processing assembly Library/Bee/artifacts/200b0aE.dag/Assembly-CSharp.dll, with 137 defines and 354 references
info: Unity.ILPP.Runner.PostProcessingPipeline[0]
      processors: Unity.Jobs.CodeGen.JobsILPostProcessor, zzzUnity.Burst.CodeGen.BurstILPostProcessor
info: Unity.ILPP.Runner.PostProcessingPipeline[0]
      running Unity.Jobs.CodeGen.JobsILPostProcessor
info: Unity.ILPP.Runner.PostProcessingPipeline[0]
      running zzzUnity.Burst.CodeGen.BurstILPostProcessor
info: Microsoft.AspNetCore.Routing.EndpointMiddleware[1]
      Executed endpoint 'gRPC - /UnityILPP.PostProcessing/PostProcessAssembly'
info: Microsoft.AspNetCore.Hosting.Diagnostics[2]
      Request finished HTTP/2 POST http://ilpp/UnityILPP.PostProcessing/PostProcessAssembly - 200 - application/grpc 93.4570ms
ExitCode: 0 Duration: 1s50ms
[ 774/1019  0s] ILPP-Configuration Library/ilpp-configuration.nevergeneratedoutput
[1015/1019  0s] Csc Library/Bee/artifacts/200b0aE.dag/Assembly-CSharp.dll (+2 others)
[1016/1019  0s] ILPostProcess Library/Bee/artifacts/200b0aE.dag/post-processed/Assembly-CSharp.dll (+pdb)
Processing assembly Library/Bee/artifacts/200b0aE.dag/Assembly-CSharp.dll, with 137 defines and 354 references
processors: Unity.Jobs.CodeGen.JobsILPostProcessor, zzzUnity.Burst.CodeGen.BurstILPostProcessor
running Unity.Jobs.CodeGen.JobsILPostProcessor
running zzzUnity.Burst.CodeGen.BurstILPostProcessor
[1017/1019  0s] CopyFiles Library/ScriptAssemblies/Assembly-CSharp.pdb
[1018/1019  0s] CopyFiles Library/ScriptAssemblies/Assembly-CSharp.dll
*** Tundra build success (0.99 seconds), 5 items updated, 1019 evaluated
Total cache size 73957388
Total cache size after purge 73957388, took 00:00:00.2750364
Reloading assemblies after forced synchronous recompile.
Begin MonoManager ReloadAssembly
2026-06-21 14:12:02.204 Unity[68888:3607816] NSEventModifierFlagFunction specified to -setKeyEquivalentModifierMask: for item <NSMenuItem: 0xa0c827980 SDF, ke='Command-F12'>, but is only supported for system-provided menu items; will not be used
2026-06-21 14:12:02.210 Unity[68888:3607816] NSEventModifierFlagFunction specified to -setKeyEquivalentModifierMask: for item <NSMenuItem: 0xa10413a20 SDF, ke='Command-F12'>, but is only supported for system-provided menu items; will not be used
2026-06-21 14:12:02.215 Unity[68888:3607816] NSEventModifierFlagFunction specified to -setKeyEquivalentModifierMask: for item <NSMenuItem: 0xa0c8268a0 SDF, ke='Command-F12'>, but is only supported for system-provided menu items; will not be used
2026-06-21 14:12:02.221 Unity[68888:3607816] NSEventModifierFlagFunction specified to -setKeyEquivalentModifierMask: for item <NSMenuItem: 0xa0c872d00 SDF, ke='Command-F12'>, but is only supported for system-provided menu items; will not be used
Thread 0x1762bf000 may have been prematurely finalized
Refreshing native plugins compatible for Editor in 4.41 ms, found 3 plugins.
Native extension for OSXStandalone target not found
[MODES] ModeService[none].Initialize
[MODES] ModeService[none].LoadModes
2026-06-21 14:12:05.526 Unity[68888:3607816] NSEventModifierFlagFunction specified to -setKeyEquivalentModifierMask: for item <NSMenuItem: 0xa10411860 SDF, ke='Command-F12'>, but is only supported for system-provided menu items; will not be used
ScheduleIndexationOnStartup MainProcess:True IndexOnStartup:True
Mono: successfully reloaded assembly
- Finished resetting the current domain, in  1.858 seconds
Domain Reload Profiling: 4043ms
	BeginReloadAssembly (1546ms)
		DisableScriptedObjects (473ms)
		CreateAndSetChildDomain (727ms)
	RebuildCommonClasses (12ms)
	RebuildNativeTypeToScriptingClass (13ms)
	initialDomainReloadingComplete (58ms)
	LoadAllAssembliesAndSetupDomain (555ms)
		LoadAssemblies (361ms)
		AnalyzeDomain (212ms)
			TypeCache.Refresh (18ms)
			BuildScriptInfoCaches (184ms)
			ResolveRequiredComponents (7ms)
	FinalizeReload (1859ms)
		SetupLoadedEditorAssemblies (0ms)
			BeforeProcessingInitializeOnLoad (442ms)
			ProcessInitializeOnLoadAttributes (335ms)
			ProcessInitializeOnLoadMethodAttributes (91ms)
		AwakeInstancesAfterBackupRestoration (417ms)

Asset Pipeline Refresh (id=3a39aba6b3540402da279dc23ede66e1): Total: 8.259 seconds - Initiated by RefreshV2(AllowForceSynchronousImport)
	(Values over 0.05ms)
	Summary:
		Imports: total=0 (actual=0, local cache=0, cache server=0)
		Asset DB Process Time: managed=0 ms, native=3880 ms
		Asset DB Callback time: managed=195 ms, native=29 ms
		Scripting: domain reloads=1, domain reload time=2392 ms, compile time=9 ms, other=0 ms
		Project Asset Count: scripts=1570, non-scripts=3491
		Asset File Changes: new=0, changed=1, moved=0, deleted=0
		Scan Filter Count: 1
	InvokePackagesCallback: 1.917ms
	ApplyChangesToAssetFolders: 0.686ms
	Scan: 808.037ms
	Collect global state as custom dependencies: 14.806ms
	ProcessAssetsWithTransientArtifactChanges: 14.503ms
	CategorizeAssets: 407.499ms
	CompileScripts: 8.735ms
	ImportOutOfDateAssets: 2090.245ms (1917.389ms without children)
		CollectScriptTypesHashes: 16.820ms
		ReloadNativeAssets: 7.002ms
		UnloadImportedAssets: 0.661ms
		EnsureUptoDateAssetsAreRegisteredWithGuidPM: 1.660ms
		ImportSchedulerStart: 163.001ms
	PostProcessAllAssets: 190.190ms
		XRBuildSystem.XRAssetImported 3.231ms
		PostProcessCallbackCreateDeferredMaterials 2.817ms
		ShaderAssetModifiedCallback 0.630ms
		LocalizationDatabase.AssetDatabasePostprocessCallback 0.079ms
		MonoPostProcessAllAssets: 178.056ms
			UniversalRenderPipelineGlobalSettingsPostprocessor.OnPostprocessAllAssets 38.337ms
			BuilderAssetPostprocessor.OnPostprocessAllAssets 22.467ms
			AssetPostprocessor.OnPostprocessAllAssets 12.038ms
			SyncVS.PostprocessSyncProject 9.199ms
			AssetChangedListener.OnPostprocessAllAssets 8.265ms
			RetainedModeAssetPostprocessor.OnPostprocessAllAssets 5.661ms
			WindowAssetPostprocessingWatcher.OnPostprocessAllAssets 5.649ms
			SpriteSlicePostprocessor.OnPostprocessAllAssets 3.205ms
			SpeedTree9Postprocessor.OnPostprocessAllAssets 2.591ms
			UVCSAssetPostprocessor.OnPostprocessAllAssets 2.529ms
			ShaderGraphAssetPostProcessor.OnPostprocessAllAssets 2.223ms
			SampleDependencyImporterPostProcessor.OnPostprocessAllAssets 1.148ms
			SpriteShapeAssetPostProcessor.OnPostprocessAllAssets 1.076ms
			TMPro_TexturePostProcessor.OnPostprocessAllAssets 1.007ms
			ArtifactBrowserPostProcessor.OnPostprocessAllAssets 0.878ms
			RenderPipelineGlobalSettingsPostprocessor.OnPostprocessAllAssets 0.799ms
			MaterialPostprocessor.OnPostprocessAllAssets 0.736ms
			AudioMixerPostprocessor.OnPostprocessAllAssets 0.734ms
			TerrainToolbarOverlayPostProcessor.OnPostprocessAllAssets 0.626ms
			AssetDatabaseCallbacks.OnPostprocessAllAssets 0.600ms
			SpriteEditorTexturePostprocessor.OnPostprocessAllAssets 0.543ms
			InputActionAssetPostprocessor.OnPostprocessAllAssets 0.508ms
			SpeedTreePostProcessor.OnPostprocessAllAssets 0.483ms
			TextAssetPostProcessor.OnPostprocessAllAssets 0.477ms
			ShaderReflectionAssetPostProcessor.OnPostprocessAllAssets 0.472ms
			ScenarioDriftAssetsTracker.OnPostprocessAllAssets 0.450ms
			ConfigAssetsTracker.OnPostprocessAllAssets 0.438ms
			InputActionJsonNameModifierAssetProcessor.OnPostprocessAllAssets 0.283ms
			ReferencedClipsPostProcessor.OnPostprocessAllAssets 0.271ms
			ProjectSettingsPostprocessor.OnPostprocessAllAssets 0.269ms
			PostProcessor.OnPostprocessAllAssets 0.264ms
			StyleCatalogPostProcessor.OnPostprocessAllAssets 0.240ms
			AssetEvents.OnPostprocessAllAssets 0.212ms
			SpriteLibraryAssetPostprocessor.OnPostprocessAllAssets 0.189ms
			AudioContainerPostProcessor.OnPostprocessAllAssets 0.156ms
			SamplePostprocessor.OnPostprocessAllAssets 0.126ms
			PSDImportPostProcessor.OnPostprocessAllAssets 0.110ms
			PSDImporterAssetPostProcessor.OnPostprocessAllAssets 0.071ms
			AssetProcessor.OnPostprocessAllAssets 0.050ms
	PostAssetChangesProfiler: 10.119ms
	PersistCurrentRevisions: 0.274ms
	GenerateScriptTypeHashes: 8.729ms
	GenerateScriptTypeSerializationHashes: 12.893ms
	Untracked: 2580.344ms

[Licensing::Client] Successfully resolved entitlement details
[Licensing::Client] Successfully resolved entitlement details

Asset Pipeline Refresh (id=ebae0df1648f142bbbba6565c2927d77): Total: 0.414 seconds - Initiated by RefreshV2(AllowForceSynchronousImport)
	(Values over 0.05ms)
	Summary:
		Imports: total=0 (actual=0, local cache=0, cache server=0)
		Asset DB Process Time: managed=0 ms, native=411 ms
		Asset DB Callback time: managed=0 ms, native=1 ms
		Scripting: domain reloads=0, domain reload time=0 ms, compile time=0 ms, other=0 ms
		Project Asset Count: scripts=1570, non-scripts=3491
		Asset File Changes: new=0, changed=0, moved=0, deleted=0
		Scan Filter Count: 1
	InvokePackagesCallback: 1.907ms
	ApplyChangesToAssetFolders: 2.089ms
	Scan: 400.582ms
	Collect global state as custom dependencies: 1.056ms
	GatherAllCurrentPrimaryImportResultRevisions: 4.478ms
	UnloadStreamsEnd: 0.170ms
	Untracked: 3.334ms

2026-06-21 14:12:31.447 Unity[68888:3607816] NSEventModifierFlagFunction specified to -setKeyEquivalentModifierMask: for item <NSMenuItem: 0xa0c84dd60 SDF, ke='Command-F12'>, but is only supported for system-provided menu items; will not be used
SpriteAtlasPacking completed in 0.098074 sec
Reloading assemblies for play mode.
Reloading assemblies after forced synchronous recompile.
Begin MonoManager ReloadAssembly
2026-06-21 14:12:31.768 Unity[68888:3607816] NSEventModifierFlagFunction specified to -setKeyEquivalentModifierMask: for item <NSMenuItem: 0xa0c84dcc0 SDF, ke='Command-F12'>, but is only supported for system-provided menu items; will not be used
2026-06-21 14:12:31.772 Unity[68888:3607816] NSEventModifierFlagFunction specified to -setKeyEquivalentModifierMask: for item <NSMenuItem: 0xa0c84dea0 SDF, ke='Command-F12'>, but is only supported for system-provided menu items; will not be used
2026-06-21 14:12:31.777 Unity[68888:3607816] NSEventModifierFlagFunction specified to -setKeyEquivalentModifierMask: for item <NSMenuItem: 0xa0c84c3c0 SDF, ke='Command-F12'>, but is only supported for system-provided menu items; will not be used
2026-06-21 14:12:31.781 Unity[68888:3607816] NSEventModifierFlagFunction specified to -setKeyEquivalentModifierMask: for item <NSMenuItem: 0xa0c84ca00 SDF, ke='Command-F12'>, but is only supported for system-provided menu items; will not be used
Refreshing native plugins compatible for Editor in 3.37 ms, found 3 plugins.
Native extension for OSXStandalone target not found
ScheduleIndexationOnStartup MainProcess:True IndexOnStartup:True
[MODES] ModeService[none].Initialize
[MODES] ModeService[none].LoadModes
Mono: successfully reloaded assembly
- Finished resetting the current domain, in  4.734 seconds
Domain Reload Profiling: 6787ms
	BeginReloadAssembly (1563ms)
		DisableScriptedObjects (99ms)
		ReleaseScriptingObjects (4ms)
		CreateAndSetChildDomain (1123ms)
	RebuildCommonClasses (12ms)
	RebuildNativeTypeToScriptingClass (15ms)
	initialDomainReloadingComplete (72ms)
	LoadAllAssembliesAndSetupDomain (390ms)
		LoadAssemblies (345ms)
		AnalyzeDomain (37ms)
			TypeCache.Refresh (12ms)
			ResolveRequiredComponents (14ms)
	FinalizeReload (4735ms)
		SetupLoadedEditorAssemblies (0ms)
			InitializePlatformSupportModulesInManaged (3ms)
			BeforeProcessingInitializeOnLoad (214ms)
			ProcessInitializeOnLoadAttributes (1220ms)
			ProcessInitializeOnLoadMethodAttributes (274ms)
			AfterProcessingInitializeOnLoad (4ms)
		AwakeInstancesAfterBackupRestoration (1765ms)

Asset Pipeline Refresh (id=8fad1b952f83e49ba84fbaef2c1ee587): Total: 8.071 seconds - Initiated by StopAssetImportingV2(ForceSynchronousImport | ForceDomainReload)
	(Values over 0.05ms)
	Summary:
		Imports: total=0 (actual=0, local cache=0, cache server=0)
		Asset DB Process Time: managed=0 ms, native=5839 ms
		Asset DB Callback time: managed=60 ms, native=0 ms
		Scripting: domain reloads=1, domain reload time=2168 ms, compile time=3 ms, other=0 ms
		Project Asset Count: scripts=1570, non-scripts=3491
		Asset File Changes: new=0, changed=0, moved=0, deleted=0
		Scan Filter Count: 0
	InvokePackagesCallback: 2.512ms
	ApplyChangesToAssetFolders: 1.194ms
	Collect global state as custom dependencies: 6.336ms
	OnSourceAssetsModified: 0.150ms
	ProcessAssetsWithTransientArtifactChanges: 1.547ms
	CategorizeAssets: 806.365ms
	CompileScripts: 2.654ms
	ImportOutOfDateAssets: 4820.664ms (4769.221ms without children)
		CollectScriptTypesHashes: 1.225ms
		ReloadNativeAssets: 1.625ms
		UnloadImportedAssets: 0.140ms
		EnsureUptoDateAssetsAreRegisteredWithGuidPM: 0.798ms
		ImportSchedulerStart: 48.196ms
	PostProcessAllAssets: 60.106ms
		MonoPostProcessAllAssets: 60.100ms
			BuilderAssetPostprocessor.OnPostprocessAllAssets 22.467ms
			UniversalRenderPipelineGlobalSettingsPostprocessor.OnPostprocessAllAssets 19.357ms
			SyncVS.PostprocessSyncProject 14.736ms
			AssetPostprocessor.OnPostprocessAllAssets 12.038ms
			AssetChangedListener.OnPostprocessAllAssets 8.265ms
			RetainedModeAssetPostprocessor.OnPostprocessAllAssets 5.661ms
			SpriteSlicePostprocessor.OnPostprocessAllAssets 3.205ms
			WindowAssetPostprocessingWatcher.OnPostprocessAllAssets 3.145ms
			UVCSAssetPostprocessor.OnPostprocessAllAssets 2.529ms
			ShaderGraphAssetPostProcessor.OnPostprocessAllAssets 2.223ms
			RenderPipelineGlobalSettingsPostprocessor.OnPostprocessAllAssets 1.430ms
			SpeedTree9Postprocessor.OnPostprocessAllAssets 1.193ms
			SampleDependencyImporterPostProcessor.OnPostprocessAllAssets 1.148ms
			SpriteShapeAssetPostProcessor.OnPostprocessAllAssets 1.076ms
			TMPro_TexturePostProcessor.OnPostprocessAllAssets 1.007ms
			ArtifactBrowserPostProcessor.OnPostprocessAllAssets 0.878ms
			MaterialPostprocessor.OnPostprocessAllAssets 0.736ms
			AudioMixerPostprocessor.OnPostprocessAllAssets 0.734ms
			SpriteEditorTexturePostprocessor.OnPostprocessAllAssets 0.543ms
			SpeedTreePostProcessor.OnPostprocessAllAssets 0.483ms
			TextAssetPostProcessor.OnPostprocessAllAssets 0.477ms
			ProjectSettingsPostprocessor.OnPostprocessAllAssets 0.475ms
			InputActionAssetPostprocessor.OnPostprocessAllAssets 0.456ms
			ScenarioDriftAssetsTracker.OnPostprocessAllAssets 0.450ms
			ConfigAssetsTracker.OnPostprocessAllAssets 0.438ms
			ShaderReflectionAssetPostProcessor.OnPostprocessAllAssets 0.416ms
			ReferencedClipsPostProcessor.OnPostprocessAllAssets 0.310ms
			InputActionJsonNameModifierAssetProcessor.OnPostprocessAllAssets 0.283ms
			PostProcessor.OnPostprocessAllAssets 0.264ms
			StyleCatalogPostProcessor.OnPostprocessAllAssets 0.240ms
			AssetEvents.OnPostprocessAllAssets 0.212ms
			SpriteLibraryAssetPostprocessor.OnPostprocessAllAssets 0.189ms
			TerrainToolbarOverlayPostProcessor.OnPostprocessAllAssets 0.157ms
			AudioContainerPostProcessor.OnPostprocessAllAssets 0.156ms
			AssetDatabaseCallbacks.OnPostprocessAllAssets 0.142ms
			SamplePostprocessor.OnPostprocessAllAssets 0.126ms
			PSDImportPostProcessor.OnPostprocessAllAssets 0.110ms
			PSDImporterAssetPostProcessor.OnPostprocessAllAssets 0.071ms
			AssetProcessor.OnPostprocessAllAssets 0.050ms
	GatherAllCurrentPrimaryImportResultRevisions: 0.501ms
	UnloadStreamsBegin: 1.255ms
	PersistCurrentRevisions: 0.137ms
	GenerateScriptTypeHashes: 5.564ms
	GenerateScriptTypeSerializationHashes: 8.042ms
	Untracked: 2348.468ms

Loaded scene 'Temp/__Backupscenes/0.backup'
	Deserialize:            5.702 ms
	Integration:            1004.995 ms
	Integration of assets:  0.006 ms
	Thread Wait Time:       0.007 ms
	Total Operation Time:   1010.710 ms
[Licensing::Client] Successfully resolved entitlement details
[Licensing::Client] Successfully resolved entitlement details
2026-06-21 14:13:00.522 Unity[68888:3607816] NSEventModifierFlagFunction specified to -setKeyEquivalentModifierMask: for item <NSMenuItem: 0xa10410a00 SDF, ke='Command-F12'>, but is only supported for system-provided menu items; will not be used
Thread 0x331e7f000 may have been prematurely finalized
Unloading 2 Unused Serialized files (Serialized files now loaded: 0)
Loaded scene 'Temp/__Backupscenes/0.backup'
	Deserialize:            9.579 ms
	Integration:            1218.545 ms
	Integration of assets:  0.003 ms
	Thread Wait Time:       0.008 ms
	Total Operation Time:   1228.135 ms
Unloading 17 unused Assets / (9.8 KB). Loaded Objects now: 9236.
Memory consumption went from 330.2 MB to 330.2 MB.
Total: 52.121167 ms (FindLiveObjects: 2.388750 ms CreateObjectMapping: 4.344417 ms MarkObjects: 44.609291 ms  DeleteObjects: 0.777166 ms)

[Licensing::Client] Successfully resolved entitlement details
